▲ Next.js 16.1.6 (webpack)
- Local:         http://localhost:3002
- Network:       http://169.254.83.107:3002
- Environments: .env.local

✓ Starting...
✓ Ready in 2.6s
○ Compiling / ...
 GET / 200 in 6.8s (compile: 5.8s, render: 1020ms)
 GET /paslaugos 200 in 2.2s (compile: 1871ms, render: 331ms)
 GET /paslaugos/kirpimas 200 in 1858ms (compile: 1290ms, render: 568ms)
 GET /filialai 200 in 703ms (compile: 404ms, render: 299ms)
 GET /filialai/vilniaus-filialas 404 in 1578ms (compile: 1200ms, render: 378ms)
 GET /filialai/picasso-barbershop-antakalnio-g-44 200 in 398ms (compile: 12ms, render: 387ms)
 GET /filialai/piccasso%20Barber%20Gedimino%20pr 404 in 311ms (compile: 7ms, render: 305ms)
 GET /kontaktai 200 in 1159ms (compile: 807ms, render: 352ms)
 GET /en 200 in 1042ms (compile: 509ms, render: 533ms)
 GET /en/branches/vilniaus-filialas 404 in 1716ms (compile: 1349ms, render: 367ms)
 GET /en/branches/picasso-barbershop-antakalio-g-44 200 in 410ms (compile: 11ms, render: 399ms)
 GET /en/branches/piccasso%20Barber%20Gedimino%20pr 404 in 292ms (compile: 5ms, render: 287ms)
 GET / 200 in 508ms (compile: 18ms, render: 490ms)
⚠ Cross origin request detected from 127.0.0.1 to /_next/* resource. In a future major version of Next.js, you will need to explicitly configure "allowedDevOrigins" in next.config to allow this.
Read more: https://nextjs.org/docs/app/api-reference/config/next-config-js/allowedDevOrigins
 GET /kontaktai 200 in 425ms (compile: 11ms, render: 414ms)
 GET /en/contact 200 in 1001ms (compile: 650ms, render: 350ms)
 GET /blogas/efg 200 in 1946ms (compile: 1442ms, render: 504ms)
 GET /en/blog/efg 200 in 1544ms (compile: 1336ms, render: 208ms)
 GET /filialai/picasso-barbershop-antakalnio-g-44 200 in 473ms (compile: 23ms, render: 451ms)
 GET /en/branches/picasso-barbershop-antakalnio-g-44 200 in 327ms (compile: 23ms, render: 304ms)
 GET /filialai 200 in 540ms (compile: 35ms, render: 505ms)
 GET /paslaugos 200 in 762ms (compile: 46ms, render: 716ms)
 GET /paslaugos 200 in 720ms (compile: 12ms, render: 708ms)
 GET /filialai 200 in 450ms (compile: 7ms, render: 443ms)
 GET /blogas 200 in 3.0s (compile: 1736ms, render: 1230ms)
 GET /en/services 200 in 2.5s (compile: 1599ms, render: 900ms)
 GET /en/branches 200 in 1931ms (compile: 1149ms, render: 782ms)
 GET /en/blog 200 in 2.4s (compile: 1472ms, render: 972ms)
 GET / 200 in 3.7s (compile: 1360ms, render: 2.4s)
 GET / 200 in 1586ms (compile: 8ms, render: 1578ms)
 GET /paslaugos 200 in 3.3s (compile: 1814ms, render: 1450ms)
 GET /en/services 200 in 2.5s (compile: 1375ms, render: 1166ms)
 GET /filialai 200 in 652ms (compile: 53ms, render: 599ms)
 GET /en/branches 200 in 567ms (compile: 39ms, render: 529ms)
 GET /blogas 200 in 612ms (compile: 34ms, render: 578ms)
 GET /en/blog 200 in 2.5s (compile: 1475ms, render: 999ms)
 GET / 200 in 3.7s (compile: 1201ms, render: 2.5s)
 GET / 200 in 934ms (compile: 9ms, render: 925ms)
 GET / 200 in 978ms (compile: 11ms, render: 967ms)
 GET / 200 in 1042ms (compile: 11ms, render: 1031ms)
 GET / 200 in 1080ms (compile: 11ms, render: 1070ms)
 GET / 200 in 1176ms (compile: 10ms, render: 1165ms)
 GET / 200 in 910ms (compile: 8ms, render: 902ms)
 GET / 200 in 947ms (compile: 10ms, render: 937ms)
 GET / 200 in 792ms (compile: 7ms, render: 785ms)
 GET / 200 in 873ms (compile: 10ms, render: 862ms)
 GET / 200 in 990ms (compile: 12ms, render: 977ms)
 GET /paslaugos 200 in 1522ms (compile: 867ms, render: 655ms)
 GET /paslaugos 200 in 523ms (compile: 10ms, render: 513ms)
 GET /paslaugos 200 in 624ms (compile: 10ms, render: 615ms)
 GET /paslaugos 200 in 570ms (compile: 8ms, render: 562ms)
 GET /paslaugos 200 in 554ms (compile: 11ms, render: 542ms)
 GET /paslaugos 200 in 502ms (compile: 11ms, render: 491ms)
 GET /paslaugos 200 in 656ms (compile: 12ms, render: 644ms)
 GET /paslaugos 200 in 681ms (compile: 9ms, render: 671ms)
 GET /paslaugos 200 in 581ms (compile: 11ms, render: 570ms)
 GET /paslaugos 200 in 642ms (compile: 11ms, render: 630ms)
 GET /paslaugos 200 in 664ms (compile: 10ms, render: 653ms)
 GET /filialai 200 in 601ms (compile: 33ms, render: 569ms)
 GET /filialai 200 in 487ms (compile: 11ms, render: 476ms)
 GET /filialai 200 in 473ms (compile: 11ms, render: 462ms)
 GET /filialai 200 in 479ms (compile: 13ms, render: 466ms)
 GET /filialai 200 in 506ms (compile: 10ms, render: 496ms)
 GET /filialai 200 in 471ms (compile: 12ms, render: 459ms)
 GET /filialai 200 in 515ms (compile: 12ms, render: 503ms)
 GET /filialai 200 in 513ms (compile: 16ms, render: 497ms)
 GET /filialai 200 in 469ms (compile: 9ms, render: 460ms)
 GET /filialai 200 in 475ms (compile: 10ms, render: 465ms)
 GET /filialai 200 in 488ms (compile: 10ms, render: 478ms)
 GET /galerija 200 in 3.2s (compile: 2.0s, render: 1175ms)
 GET /galerija 200 in 557ms (compile: 10ms, render: 547ms)
 GET /galerija 200 in 553ms (compile: 11ms, render: 541ms)
 GET /galerija 200 in 650ms (compile: 16ms, render: 635ms)
 GET /galerija 200 in 608ms (compile: 14ms, render: 595ms)
 GET /galerija 200 in 584ms (compile: 9ms, render: 575ms)
 GET /galerija 200 in 587ms (compile: 6ms, render: 581ms)
 GET /galerija 200 in 604ms (compile: 11ms, render: 593ms)
 GET /galerija 200 in 877ms (compile: 10ms, render: 867ms)
 GET /galerija 200 in 611ms (compile: 9ms, render: 602ms)
 GET /galerija 200 in 529ms (compile: 8ms, render: 521ms)
 GET /apie-mus 200 in 2.1s (compile: 1229ms, render: 885ms)
 GET /apie-mus 200 in 556ms (compile: 9ms, render: 547ms)
 GET /apie-mus 200 in 611ms (compile: 10ms, render: 601ms)
 GET /apie-mus 200 in 499ms (compile: 9ms, render: 490ms)
 GET /apie-mus 200 in 979ms (compile: 9ms, render: 969ms)
 GET /apie-mus 200 in 548ms (compile: 12ms, render: 535ms)
 GET /apie-mus 200 in 509ms (compile: 9ms, render: 500ms)
 GET /apie-mus 200 in 531ms (compile: 8ms, render: 523ms)
 GET /apie-mus 200 in 574ms (compile: 10ms, render: 565ms)
 GET /apie-mus 200 in 594ms (compile: 11ms, render: 583ms)
 GET /apie-mus 200 in 501ms (compile: 9ms, render: 492ms)
 GET /blogas 200 in 472ms (compile: 27ms, render: 445ms)
 GET /blogas 200 in 497ms (compile: 12ms, render: 485ms)
 GET /blogas 200 in 464ms (compile: 8ms, render: 455ms)
 GET /blogas 200 in 457ms (compile: 9ms, render: 448ms)
 GET /blogas 200 in 448ms (compile: 11ms, render: 437ms)
 GET /blogas 200 in 449ms (compile: 10ms, render: 439ms)
 GET /blogas 200 in 468ms (compile: 12ms, render: 456ms)
 GET /blogas 200 in 476ms (compile: 12ms, render: 464ms)
 GET /blogas 200 in 427ms (compile: 9ms, render: 419ms)
 GET /blogas 200 in 470ms (compile: 11ms, render: 459ms)
 GET /blogas 200 in 464ms (compile: 9ms, render: 456ms)
 GET /kontaktai 200 in 2.3s (compile: 1515ms, render: 744ms)
 GET /kontaktai 200 in 575ms (compile: 10ms, render: 565ms)
 GET /kontaktai 200 in 588ms (compile: 13ms, render: 575ms)
 GET /kontaktai 200 in 568ms (compile: 14ms, render: 554ms)
 GET /kontaktai 200 in 580ms (compile: 11ms, render: 569ms)
 GET /kontaktai 200 in 622ms (compile: 12ms, render: 609ms)
 GET /kontaktai 200 in 584ms (compile: 12ms, render: 572ms)
 GET /kontaktai 200 in 633ms (compile: 11ms, render: 622ms)
 GET /kontaktai 200 in 582ms (compile: 12ms, render: 570ms)
 GET /kontaktai 200 in 624ms (compile: 10ms, render: 613ms)
 GET /kontaktai 200 in 586ms (compile: 12ms, render: 574ms)
 GET /en 200 in 2.3s (compile: 1110ms, render: 1237ms)
 GET /en 200 in 911ms (compile: 12ms, render: 899ms)
 GET /en 200 in 910ms (compile: 8ms, render: 901ms)
 GET /en 200 in 919ms (compile: 12ms, render: 907ms)
 GET /en 200 in 925ms (compile: 8ms, render: 916ms)
 GET /en 200 in 900ms (compile: 10ms, render: 890ms)
 GET /en 200 in 884ms (compile: 10ms, render: 874ms)
 GET /en 200 in 1013ms (compile: 11ms, render: 1002ms)
 GET /en 200 in 800ms (compile: 9ms, render: 792ms)
 GET /en 200 in 902ms (compile: 8ms, render: 893ms)
 GET /en 200 in 3.3s (compile: 17ms, render: 3.3s)
 GET /en/services 200 in 2.1s (compile: 1160ms, render: 947ms)
 GET /en/services 200 in 644ms (compile: 11ms, render: 632ms)
 GET /en/services 200 in 626ms (compile: 10ms, render: 617ms)
 GET /en/services 200 in 645ms (compile: 10ms, render: 635ms)
 GET /en/services 200 in 653ms (compile: 9ms, render: 644ms)
 GET /en/services 200 in 626ms (compile: 16ms, render: 610ms)
 GET /en/services 200 in 591ms (compile: 15ms, render: 576ms)
 GET /en/services 200 in 543ms (compile: 9ms, render: 534ms)
 GET /en/services 200 in 600ms (compile: 12ms, render: 588ms)
 GET /en/services 200 in 646ms (compile: 10ms, render: 636ms)
 GET /en/services 200 in 561ms (compile: 9ms, render: 552ms)
 GET /en/branches 200 in 565ms (compile: 28ms, render: 537ms)
 GET /en/branches 200 in 507ms (compile: 9ms, render: 498ms)
 GET /en/branches 200 in 476ms (compile: 11ms, render: 465ms)
 GET /en/branches 200 in 445ms (compile: 8ms, render: 437ms)
 GET /en/branches 200 in 428ms (compile: 12ms, render: 416ms)
 GET /en/branches 200 in 489ms (compile: 8ms, render: 480ms)
 GET /en/branches 200 in 457ms (compile: 9ms, render: 447ms)
 GET /en/branches 200 in 419ms (compile: 9ms, render: 410ms)
 GET /en/branches 200 in 489ms (compile: 15ms, render: 473ms)
 GET /en/branches 200 in 514ms (compile: 11ms, render: 502ms)
 GET /en/branches 200 in 454ms (compile: 12ms, render: 442ms)
 GET /en/gallery 200 in 2.1s (compile: 1296ms, render: 776ms)
 GET /en/gallery 200 in 535ms (compile: 12ms, render: 523ms)
 GET /en/gallery 200 in 623ms (compile: 15ms, render: 609ms)
 GET /en/gallery 200 in 707ms (compile: 9ms, render: 698ms)
 GET /en/gallery 200 in 515ms (compile: 9ms, render: 506ms)
 GET /en/gallery 200 in 599ms (compile: 12ms, render: 587ms)
 GET /en/gallery 200 in 534ms (compile: 10ms, render: 524ms)
 GET /en/gallery 200 in 467ms (compile: 10ms, render: 457ms)
 GET /en/gallery 200 in 532ms (compile: 15ms, render: 518ms)
 GET /en/gallery 200 in 539ms (compile: 10ms, render: 529ms)
 GET /en/gallery 200 in 573ms (compile: 11ms, render: 562ms)
 GET /en/about 200 in 2.4s (compile: 1400ms, render: 980ms)
 GET /en/about 200 in 540ms (compile: 9ms, render: 531ms)
 GET /en/about 200 in 580ms (compile: 8ms, render: 571ms)
 GET /en/about 200 in 657ms (compile: 8ms, render: 649ms)
 GET /en/about 200 in 604ms (compile: 12ms, render: 592ms)
 GET /en/about 200 in 589ms (compile: 11ms, render: 578ms)
 GET /en/about 200 in 521ms (compile: 11ms, render: 510ms)
 GET /en/about 200 in 588ms (compile: 10ms, render: 578ms)
 GET /en/about 200 in 571ms (compile: 12ms, render: 559ms)
 GET /en/about 200 in 614ms (compile: 9ms, render: 605ms)
 GET /en/about 200 in 635ms (compile: 12ms, render: 623ms)
 GET /en/blog 200 in 1629ms (compile: 1053ms, render: 576ms)
 GET /en/blog 200 in 394ms (compile: 11ms, render: 383ms)
 GET /en/blog 200 in 405ms (compile: 10ms, render: 395ms)
 GET /en/blog 200 in 464ms (compile: 13ms, render: 450ms)
 GET /en/blog 200 in 438ms (compile: 9ms, render: 428ms)
 GET /en/blog 200 in 550ms (compile: 11ms, render: 539ms)
 GET /en/blog 200 in 481ms (compile: 16ms, render: 465ms)
 GET /en/blog 200 in 708ms (compile: 10ms, render: 699ms)
 GET /en/blog 200 in 552ms (compile: 18ms, render: 534ms)
 GET /en/blog 200 in 549ms (compile: 16ms, render: 533ms)
 GET /en/blog 200 in 435ms (compile: 9ms, render: 426ms)
 GET /en/contact 200 in 2.1s (compile: 1303ms, render: 785ms)
 GET /en/contact 200 in 650ms (compile: 12ms, render: 638ms)
 GET /en/contact 200 in 614ms (compile: 11ms, render: 604ms)
 GET /en/contact 200 in 647ms (compile: 10ms, render: 637ms)
 GET /en/contact 200 in 597ms (compile: 10ms, render: 588ms)
 GET /en/contact 200 in 655ms (compile: 12ms, render: 643ms)
 GET /en/contact 200 in 619ms (compile: 14ms, render: 605ms)
 GET /en/contact 200 in 668ms (compile: 12ms, render: 655ms)
 GET /en/contact 200 in 555ms (compile: 11ms, render: 544ms)
 GET /en/contact 200 in 632ms (compile: 10ms, render: 622ms)
 GET /en/contact 200 in 609ms (compile: 4ms, render: 605ms)
 GET / 200 in 2.7s (compile: 1454ms, render: 1273ms)
 GET / 200 in 1837ms (compile: 296ms, render: 1541ms)
 GET / 200 in 1155ms (compile: 10ms, render: 1145ms)
 GET / 200 in 1014ms (compile: 9ms, render: 1004ms)
 GET / 200 in 825ms (compile: 10ms, render: 815ms)
 GET / 200 in 791ms (compile: 8ms, render: 783ms)
 GET / 200 in 908ms (compile: 10ms, render: 897ms)
 GET / 200 in 785ms (compile: 9ms, render: 776ms)
 GET / 200 in 857ms (compile: 10ms, render: 847ms)
 GET / 200 in 827ms (compile: 9ms, render: 818ms)
 GET / 200 in 765ms (compile: 10ms, render: 755ms)
 GET / 200 in 737ms (compile: 9ms, render: 728ms)
 GET / 200 in 741ms (compile: 8ms, render: 732ms)
 GET /paslaugos 200 in 2.5s (compile: 1651ms, render: 854ms)
 GET /paslaugos 200 in 536ms (compile: 10ms, render: 526ms)
 GET /paslaugos 200 in 572ms (compile: 9ms, render: 563ms)
 GET /paslaugos 200 in 616ms (compile: 11ms, render: 605ms)
 GET /paslaugos 200 in 528ms (compile: 8ms, render: 521ms)
 GET /paslaugos 200 in 480ms (compile: 7ms, render: 473ms)
 GET /paslaugos 200 in 600ms (compile: 9ms, render: 591ms)
 GET /paslaugos 200 in 551ms (compile: 9ms, render: 542ms)
 GET /paslaugos 200 in 524ms (compile: 8ms, render: 516ms)
 GET /paslaugos 200 in 565ms (compile: 8ms, render: 557ms)
 GET /paslaugos 200 in 573ms (compile: 5ms, render: 568ms)
 GET /filialai 200 in 546ms (compile: 27ms, render: 519ms)
 GET /filialai 200 in 455ms (compile: 10ms, render: 445ms)
 GET /filialai 200 in 413ms (compile: 9ms, render: 404ms)
 GET /filialai 200 in 467ms (compile: 7ms, render: 460ms)
 GET /filialai 200 in 467ms (compile: 8ms, render: 458ms)
 GET /filialai 200 in 442ms (compile: 12ms, render: 430ms)
 GET /filialai 200 in 714ms (compile: 9ms, render: 704ms)
 GET /filialai 200 in 390ms (compile: 8ms, render: 382ms)
 GET /filialai 200 in 447ms (compile: 7ms, render: 441ms)
 GET /filialai 200 in 395ms (compile: 8ms, render: 387ms)
 GET /filialai 200 in 410ms (compile: 12ms, render: 399ms)
 GET /galerija 200 in 2.8s (compile: 1956ms, render: 852ms)
 GET /galerija 200 in 498ms (compile: 8ms, render: 490ms)
 GET /galerija 200 in 480ms (compile: 7ms, render: 472ms)
 GET /galerija 200 in 760ms (compile: 9ms, render: 751ms)
 GET /galerija 200 in 474ms (compile: 9ms, render: 465ms)
 GET /galerija 200 in 476ms (compile: 9ms, render: 467ms)
 GET /galerija 200 in 675ms (compile: 9ms, render: 666ms)
 GET /galerija 200 in 511ms (compile: 8ms, render: 503ms)
 GET /galerija 200 in 475ms (compile: 8ms, render: 467ms)
 GET /galerija 200 in 448ms (compile: 7ms, render: 442ms)
 GET /galerija 200 in 488ms (compile: 11ms, render: 477ms)
 GET /apie-mus 200 in 1897ms (compile: 1115ms, render: 783ms)
 GET /apie-mus 200 in 571ms (compile: 5ms, render: 567ms)
 GET /apie-mus 200 in 614ms (compile: 11ms, render: 603ms)
 GET /apie-mus 200 in 585ms (compile: 8ms, render: 577ms)
 GET /apie-mus 200 in 477ms (compile: 12ms, render: 465ms)
 GET /apie-mus 200 in 498ms (compile: 8ms, render: 490ms)
 GET /apie-mus 200 in 671ms (compile: 8ms, render: 662ms)
 GET /apie-mus 200 in 510ms (compile: 8ms, render: 501ms)
 GET /apie-mus 200 in 609ms (compile: 13ms, render: 596ms)
 GET /apie-mus 200 in 554ms (compile: 8ms, render: 546ms)
 GET /apie-mus 200 in 567ms (compile: 11ms, render: 556ms)
 GET /blogas 200 in 515ms (compile: 27ms, render: 488ms)
 GET /blogas 200 in 387ms (compile: 9ms, render: 378ms)
 GET /blogas 200 in 440ms (compile: 8ms, render: 432ms)
 GET /blogas 200 in 427ms (compile: 8ms, render: 419ms)
 GET /blogas 200 in 404ms (compile: 9ms, render: 395ms)
 GET /blogas 200 in 426ms (compile: 10ms, render: 416ms)
 GET /blogas 200 in 383ms (compile: 9ms, render: 374ms)
 GET /blogas 200 in 487ms (compile: 8ms, render: 479ms)
 GET /blogas 200 in 401ms (compile: 8ms, render: 393ms)
 GET /blogas 200 in 424ms (compile: 8ms, render: 415ms)
 GET /blogas 200 in 385ms (compile: 9ms, render: 376ms)
 GET /kontaktai 200 in 2.2s (compile: 1442ms, render: 719ms)
 GET /kontaktai 200 in 726ms (compile: 8ms, render: 718ms)
 GET /kontaktai 200 in 459ms (compile: 8ms, render: 451ms)
 GET /kontaktai 200 in 482ms (compile: 9ms, render: 474ms)
 GET /kontaktai 200 in 489ms (compile: 9ms, render: 480ms)
 GET /kontaktai 200 in 510ms (compile: 10ms, render: 500ms)
 GET /kontaktai 200 in 571ms (compile: 13ms, render: 557ms)
 GET /kontaktai 200 in 513ms (compile: 10ms, render: 503ms)
 GET /kontaktai 200 in 584ms (compile: 10ms, render: 574ms)
 GET /kontaktai 200 in 565ms (compile: 14ms, render: 551ms)
 GET /kontaktai 200 in 614ms (compile: 9ms, render: 606ms)
 GET /en 200 in 2.2s (compile: 1023ms, render: 1146ms)
 GET /en 200 in 882ms (compile: 8ms, render: 874ms)
 GET /en 200 in 844ms (compile: 11ms, render: 833ms)
 GET /en 200 in 873ms (compile: 9ms, render: 864ms)
 GET /en 200 in 854ms (compile: 11ms, render: 843ms)
 GET /en 200 in 814ms (compile: 7ms, render: 806ms)
 GET /en 200 in 926ms (compile: 7ms, render: 919ms)
 GET /en 200 in 984ms (compile: 8ms, render: 976ms)
 GET /en 200 in 1145ms (compile: 8ms, render: 1137ms)
 GET /en 200 in 845ms (compile: 7ms, render: 839ms)
 GET /en 200 in 903ms (compile: 8ms, render: 896ms)
 GET /en/services 200 in 2.8s (compile: 1662ms, render: 1101ms)
 GET /en/services 200 in 594ms (compile: 14ms, render: 581ms)
 GET /en/services 200 in 549ms (compile: 12ms, render: 537ms)
 GET /en/services 200 in 577ms (compile: 10ms, render: 567ms)
 GET /en/services 200 in 589ms (compile: 15ms, render: 574ms)
 GET /en/services 200 in 615ms (compile: 4ms, render: 611ms)
 GET /en/services 200 in 1022ms (compile: 10ms, render: 1011ms)
 GET /en/services 200 in 486ms (compile: 8ms, render: 478ms)
 GET /en/services 200 in 629ms (compile: 9ms, render: 621ms)
 GET /en/services 200 in 497ms (compile: 8ms, render: 489ms)
 GET /en/services 200 in 671ms (compile: 13ms, render: 658ms)
 GET /en/branches 200 in 533ms (compile: 37ms, render: 496ms)
 GET /en/branches 200 in 511ms (compile: 9ms, render: 502ms)
 GET /en/branches 200 in 542ms (compile: 14ms, render: 528ms)
 GET /en/branches 200 in 395ms (compile: 11ms, render: 384ms)
 GET /en/branches 200 in 432ms (compile: 8ms, render: 424ms)
 GET /en/branches 200 in 447ms (compile: 6ms, render: 440ms)
 GET /en/branches 200 in 467ms (compile: 9ms, render: 458ms)
 GET /en/branches 200 in 492ms (compile: 14ms, render: 478ms)
 GET /en/branches 200 in 519ms (compile: 12ms, render: 507ms)
 GET /en/branches 200 in 660ms (compile: 10ms, render: 650ms)
 GET /en/branches 200 in 452ms (compile: 9ms, render: 443ms)
 GET /en/gallery 200 in 2.7s (compile: 1527ms, render: 1145ms)
 GET /en/gallery 200 in 528ms (compile: 4ms, render: 524ms)
 GET /en/gallery 200 in 584ms (compile: 6ms, render: 578ms)
 GET /en/gallery 200 in 707ms (compile: 7ms, render: 700ms)
 GET /en/gallery 200 in 579ms (compile: 5ms, render: 575ms)
 GET /en/gallery 200 in 723ms (compile: 12ms, render: 711ms)
 GET /en/gallery 200 in 565ms (compile: 9ms, render: 557ms)
 GET /en/gallery 200 in 627ms (compile: 10ms, render: 617ms)
 GET /en/gallery 200 in 651ms (compile: 7ms, render: 644ms)
 GET /en/gallery 200 in 573ms (compile: 12ms, render: 561ms)
 GET /en/gallery 200 in 648ms (compile: 14ms, render: 635ms)
 GET /en/about 200 in 2.3s (compile: 1260ms, render: 1009ms)
 GET /en/about 200 in 731ms (compile: 40ms, render: 690ms)
 GET /en/about 200 in 722ms (compile: 9ms, render: 713ms)
 GET /en/about 200 in 637ms (compile: 7ms, render: 631ms)
 GET /en/about 200 in 599ms (compile: 4ms, render: 596ms)
 GET /en/about 200 in 627ms (compile: 8ms, render: 619ms)
 GET /en/about 200 in 605ms (compile: 7ms, render: 598ms)
 GET /en/about 200 in 604ms (compile: 9ms, render: 594ms)
 GET /en/about 200 in 587ms (compile: 9ms, render: 578ms)
 GET /en/about 200 in 620ms (compile: 10ms, render: 609ms)
 GET /en/about 200 in 616ms (compile: 4ms, render: 612ms)
 GET /en/blog 200 in 2.2s (compile: 1376ms, render: 775ms)
 GET /en/blog 200 in 451ms (compile: 7ms, render: 443ms)
 GET /en/blog 200 in 438ms (compile: 14ms, render: 424ms)
 GET /en/blog 200 in 467ms (compile: 4ms, render: 462ms)
 GET /en/blog 200 in 604ms (compile: 11ms, render: 593ms)
 GET /en/blog 200 in 500ms (compile: 7ms, render: 493ms)
 GET /en/blog 200 in 509ms (compile: 6ms, render: 504ms)
 GET /en/blog 200 in 492ms (compile: 14ms, render: 478ms)
 GET /en/blog 200 in 521ms (compile: 9ms, render: 513ms)
 GET /en/blog 200 in 457ms (compile: 5ms, render: 452ms)
 GET /en/blog 200 in 407ms (compile: 7ms, render: 400ms)
 GET /en/contact 200 in 2.4s (compile: 1512ms, render: 849ms)
 GET /en/contact 200 in 618ms (compile: 8ms, render: 610ms)
 GET /en/contact 200 in 602ms (compile: 8ms, render: 595ms)
 GET /en/contact 200 in 661ms (compile: 5ms, render: 656ms)
 GET /en/contact 200 in 614ms (compile: 11ms, render: 603ms)
 GET /en/contact 200 in 595ms (compile: 5ms, render: 590ms)
 GET /en/contact 200 in 493ms (compile: 10ms, render: 483ms)
 GET /en/contact 200 in 533ms (compile: 12ms, render: 521ms)
 GET /en/contact 200 in 710ms (compile: 11ms, render: 699ms)
 GET /en/contact 200 in 704ms (compile: 8ms, render: 696ms)
 GET /en/contact 200 in 701ms (compile: 12ms, render: 690ms)
 GET / 200 in 1254ms (compile: 22ms, render: 1232ms)
 GET /paslaugos/kirpimas 200 in 4.4s (compile: 2.5s, render: 1845ms)
 GET /en/services/kirpimas 200 in 4.0s (compile: 2.9s, render: 1153ms)
 GET /en/services/kirpimas 200 in 690ms (compile: 20ms, render: 671ms)
 GET /paslaugos/kirpimas 200 in 501ms (compile: 43ms, render: 458ms)
 GET /filialai/picasso-barbershop-antakalnio-g-44 200 in 3.5s (compile: 2.4s, render: 1043ms)
 GET /en/branches/picasso-barbershop-antakalio-g-44 200 in 310ms (compile: 10ms, render: 300ms)
 GET /en/branches/picasso-barbershop-antakalio-g-44 200 in 3.0s (compile: 1959ms, render: 1008ms)
 GET /en/branches/picasso-barbershop-antakalio-g-44 200 in 818ms (compile: 25ms, render: 794ms)
 GET /filialai/picasso-barbershop-antakalnio-g-44 200 in 585ms (compile: 39ms, render: 546ms)
 GET /blogas/kaip-isirinkti-tinkam-ukuosen-pagal-veido-form 200 in 2.9s (compile: 1574ms, render: 1322ms)
 GET /en/blog/how-to-choose-the-right-hairstyle-for-your-face-shape 200 in 645ms (compile: 14ms, render: 631ms)
 GET /en/blog/how-to-choose-the-right-hairstyle-for-your-face-shape 200 in 2.8s (compile: 1744ms, render: 1063ms)
 GET /en/blog/how-to-choose-the-right-hairstyle-for-your-face-shape 200 in 1163ms (compile: 21ms, render: 1142ms)
 GET /blogas/kaip-isirinkti-tinkam-ukuosen-pagal-veido-form 200 in 504ms (compile: 31ms, render: 473ms)
 GET / 200 in 1787ms (compile: 38ms, render: 1749ms)
 GET / 200 in 1430ms (compile: 19ms, render: 1411ms)
 GET / 200 in 1107ms (compile: 4ms, render: 1103ms)
 GET / 200 in 961ms (compile: 7ms, render: 953ms)
 GET / 200 in 1092ms (compile: 9ms, render: 1083ms)
 GET / 200 in 1059ms (compile: 14ms, render: 1046ms)
 GET / 200 in 980ms (compile: 7ms, render: 973ms)
 GET /en 200 in 3.3s (compile: 1699ms, render: 1591ms)
 GET /en 200 in 780ms (compile: 9ms, render: 771ms)
 GET /en 200 in 972ms (compile: 12ms, render: 960ms)
 GET /en 200 in 898ms (compile: 9ms, render: 889ms)
 GET /en 200 in 975ms (compile: 6ms, render: 969ms)
 GET /en 200 in 882ms (compile: 29ms, render: 853ms)
 GET / 200 in 858ms (compile: 13ms, render: 845ms)
 GET / 200 in 954ms (compile: 8ms, render: 946ms)
 GET / 200 in 909ms (compile: 7ms, render: 902ms)
 GET /kontaktai 200 in 2.2s (compile: 1269ms, render: 901ms)
 GET /kontaktai 200 in 555ms (compile: 13ms, render: 542ms)
 GET /kontaktai 200 in 683ms (compile: 12ms, render: 670ms)
 GET /en 200 in 1080ms (compile: 27ms, render: 1052ms)
 GET /en 200 in 918ms (compile: 13ms, render: 905ms)
 GET /en 200 in 940ms (compile: 12ms, render: 928ms)
 GET /en/contact 200 in 1945ms (compile: 1202ms, render: 743ms)
 GET /en/contact 200 in 603ms (compile: 8ms, render: 595ms)
 GET /en/contact 200 in 568ms (compile: 4ms, render: 564ms)
 GET / 200 in 1485ms (compile: 22ms, render: 1463ms)
 GET / 200 in 979ms (compile: 7ms, render: 972ms)
 GET / 200 in 1146ms (compile: 11ms, render: 1135ms)
 GET / 200 in 1208ms (compile: 10ms, render: 1197ms)
 GET / 200 in 845ms (compile: 10ms, render: 835ms)
 GET / 200 in 936ms (compile: 9ms, render: 927ms)
 GET / 200 in 940ms (compile: 11ms, render: 930ms)
 GET / 200 in 951ms (compile: 9ms, render: 942ms)
 GET / 200 in 918ms (compile: 13ms, render: 905ms)
 GET / 200 in 986ms (compile: 11ms, render: 975ms)
 GET / 200 in 937ms (compile: 4ms, render: 933ms)
 GET /paslaugos 200 in 4.2s (compile: 2.6s, render: 1617ms)
 GET /paslaugos 200 in 760ms (compile: 9ms, render: 751ms)
 GET /paslaugos 200 in 751ms (compile: 8ms, render: 743ms)
 GET /paslaugos 200 in 704ms (compile: 10ms, render: 694ms)
 GET /paslaugos 200 in 623ms (compile: 4ms, render: 619ms)
 GET /paslaugos 200 in 622ms (compile: 7ms, render: 616ms)
 GET /paslaugos 200 in 615ms (compile: 11ms, render: 604ms)
 GET /paslaugos 200 in 1082ms (compile: 6ms, render: 1075ms)
 GET /paslaugos 200 in 583ms (compile: 7ms, render: 576ms)
 GET /paslaugos 200 in 599ms (compile: 12ms, render: 587ms)
 GET /paslaugos 200 in 537ms (compile: 8ms, render: 528ms)
 GET /filialai 200 in 2.3s (compile: 1479ms, render: 772ms)
 GET /filialai 200 in 572ms (compile: 5ms, render: 568ms)
 GET /filialai 200 in 521ms (compile: 8ms, render: 512ms)
 GET /filialai 200 in 468ms (compile: 6ms, render: 462ms)
 GET /filialai 200 in 485ms (compile: 6ms, render: 480ms)
 GET /filialai 200 in 522ms (compile: 14ms, render: 508ms)
 GET /filialai 200 in 494ms (compile: 11ms, render: 484ms)
 GET /filialai 200 in 398ms (compile: 5ms, render: 393ms)
 GET /filialai 200 in 537ms (compile: 10ms, render: 527ms)
 GET /filialai 200 in 499ms (compile: 14ms, render: 484ms)
 GET /filialai 200 in 486ms (compile: 19ms, render: 467ms)
 GET /galerija 200 in 2.7s (compile: 1797ms, render: 871ms)
 GET /galerija 200 in 648ms (compile: 10ms, render: 638ms)
 GET /galerija 200 in 644ms (compile: 11ms, render: 633ms)
 GET /galerija 200 in 471ms (compile: 5ms, render: 466ms)
 GET /galerija 200 in 615ms (compile: 16ms, render: 599ms)
 GET /galerija 200 in 659ms (compile: 11ms, render: 648ms)
 GET /galerija 200 in 621ms (compile: 8ms, render: 613ms)
 GET /galerija 200 in 461ms (compile: 9ms, render: 452ms)
 GET /galerija 200 in 701ms (compile: 8ms, render: 693ms)
 GET /galerija 200 in 1135ms (compile: 11ms, render: 1124ms)
 GET /galerija 200 in 592ms (compile: 14ms, render: 579ms)
 GET /apie-mus 200 in 2.5s (compile: 1586ms, render: 919ms)
 GET /apie-mus 200 in 723ms (compile: 19ms, render: 704ms)
 GET /apie-mus 200 in 631ms (compile: 14ms, render: 617ms)
 GET /apie-mus 200 in 627ms (compile: 7ms, render: 620ms)
 GET /apie-mus 200 in 652ms (compile: 7ms, render: 645ms)
 GET /apie-mus 200 in 741ms (compile: 7ms, render: 734ms)
 GET /apie-mus 200 in 573ms (compile: 12ms, render: 560ms)
 GET /apie-mus 200 in 637ms (compile: 10ms, render: 627ms)
 GET /apie-mus 200 in 557ms (compile: 8ms, render: 549ms)
 GET /apie-mus 200 in 761ms (compile: 11ms, render: 751ms)
 GET /apie-mus 200 in 984ms (compile: 8ms, render: 977ms)
 GET /blogas 200 in 2.5s (compile: 1696ms, render: 834ms)
 GET /blogas 200 in 539ms (compile: 7ms, render: 532ms)
 GET /blogas 200 in 576ms (compile: 13ms, render: 563ms)
 GET /blogas 200 in 475ms (compile: 8ms, render: 466ms)
 GET /blogas 200 in 557ms (compile: 10ms, render: 547ms)
 GET /blogas 200 in 517ms (compile: 7ms, render: 510ms)
 GET /blogas 200 in 511ms (compile: 10ms, render: 501ms)
 GET /blogas 200 in 506ms (compile: 5ms, render: 501ms)
 GET /blogas 200 in 656ms (compile: 7ms, render: 650ms)
 GET /blogas 200 in 701ms (compile: 9ms, render: 691ms)
 GET /blogas 200 in 744ms (compile: 10ms, render: 735ms)
 GET /kontaktai 200 in 3.3s (compile: 2.2s, render: 1142ms)
 GET /kontaktai 200 in 795ms (compile: 10ms, render: 785ms)
 GET /kontaktai 200 in 711ms (compile: 13ms, render: 697ms)
 GET /kontaktai 200 in 776ms (compile: 11ms, render: 765ms)
 GET /kontaktai 200 in 720ms (compile: 10ms, render: 710ms)
 GET /kontaktai 200 in 655ms (compile: 14ms, render: 641ms)
 GET /kontaktai 200 in 828ms (compile: 15ms, render: 813ms)
 GET /kontaktai 200 in 719ms (compile: 14ms, render: 704ms)
 GET /kontaktai 200 in 671ms (compile: 9ms, render: 662ms)
 GET /kontaktai 200 in 637ms (compile: 7ms, render: 630ms)
 GET /kontaktai 200 in 613ms (compile: 12ms, render: 601ms)
 GET /en 200 in 3.2s (compile: 1375ms, render: 1798ms)
 GET /en 200 in 1054ms (compile: 9ms, render: 1046ms)
 GET /en 200 in 1035ms (compile: 11ms, render: 1024ms)
 GET /en 200 in 809ms (compile: 9ms, render: 800ms)
 GET /en 200 in 953ms (compile: 4ms, render: 950ms)
 GET /en 200 in 1031ms (compile: 14ms, render: 1017ms)
 GET /en 200 in 871ms (compile: 4ms, render: 866ms)
 GET /en 200 in 932ms (compile: 13ms, render: 919ms)
 GET /en 200 in 1010ms (compile: 8ms, render: 1002ms)
 GET /en 200 in 1043ms (compile: 4ms, render: 1039ms)
 GET /en 200 in 1110ms (compile: 4ms, render: 1106ms)
 GET /en/services 200 in 3.2s (compile: 2.1s, render: 1174ms)
 GET /en/services 200 in 663ms (compile: 11ms, render: 652ms)
 GET /en/services 200 in 630ms (compile: 3ms, render: 627ms)
 GET /en/services 200 in 677ms (compile: 4ms, render: 672ms)
 GET /en/services 200 in 691ms (compile: 4ms, render: 687ms)
 GET /en/services 200 in 635ms (compile: 14ms, render: 621ms)
 GET /en/services 200 in 602ms (compile: 3ms, render: 599ms)
 GET /en/services 200 in 723ms (compile: 12ms, render: 710ms)
 GET /en/services 200 in 777ms (compile: 23ms, render: 754ms)
 GET /en/services 200 in 682ms (compile: 11ms, render: 672ms)
 GET /en/services 200 in 614ms (compile: 11ms, render: 604ms)
 GET /en/branches 200 in 525ms (compile: 32ms, render: 493ms)
 GET /en/branches 200 in 525ms (compile: 9ms, render: 516ms)
 GET /en/branches 200 in 536ms (compile: 14ms, render: 521ms)
 GET /en/branches 200 in 545ms (compile: 10ms, render: 535ms)
 GET /en/branches 200 in 531ms (compile: 10ms, render: 521ms)
 GET /en/branches 200 in 507ms (compile: 5ms, render: 501ms)
 GET /en/branches 200 in 570ms (compile: 12ms, render: 558ms)
 GET /en/branches 200 in 569ms (compile: 8ms, render: 561ms)
 GET /en/branches 200 in 474ms (compile: 6ms, render: 468ms)
 GET /en/branches 200 in 499ms (compile: 8ms, render: 490ms)
 GET /en/branches 200 in 483ms (compile: 7ms, render: 476ms)
 GET /en/gallery 200 in 3.7s (compile: 2.5s, render: 1130ms)
 GET /en/gallery 200 in 749ms (compile: 7ms, render: 742ms)
 GET /en/gallery 200 in 518ms (compile: 9ms, render: 509ms)
 GET /en/gallery 200 in 713ms (compile: 14ms, render: 699ms)
 GET /en/gallery 200 in 688ms (compile: 5ms, render: 684ms)
 GET /en/gallery 200 in 580ms (compile: 4ms, render: 576ms)
 GET /en/gallery 200 in 563ms (compile: 10ms, render: 553ms)
 GET /en/gallery 200 in 645ms (compile: 4ms, render: 642ms)
 GET /en/gallery 200 in 655ms (compile: 8ms, render: 647ms)
 GET /en/gallery 200 in 576ms (compile: 7ms, render: 569ms)
 GET /en/gallery 200 in 580ms (compile: 13ms, render: 567ms)
 GET /en/about 200 in 2.3s (compile: 1358ms, render: 912ms)
 GET /en/about 200 in 604ms (compile: 4ms, render: 600ms)
 GET /en/about 200 in 539ms (compile: 7ms, render: 531ms)
 GET /en/about 200 in 672ms (compile: 7ms, render: 665ms)
 GET /en/about 200 in 529ms (compile: 7ms, render: 521ms)
 GET /en/about 200 in 597ms (compile: 9ms, render: 588ms)
 GET /en/about 200 in 523ms (compile: 3ms, render: 520ms)
 GET /en/about 200 in 655ms (compile: 8ms, render: 647ms)
 GET /en/about 200 in 509ms (compile: 9ms, render: 501ms)
 GET /en/about 200 in 634ms (compile: 8ms, render: 625ms)
 GET /en/about 200 in 562ms (compile: 9ms, render: 553ms)
 GET /en/blog 200 in 2.2s (compile: 1524ms, render: 693ms)
 GET /en/blog 200 in 547ms (compile: 4ms, render: 543ms)
 GET /en/blog 200 in 504ms (compile: 13ms, render: 492ms)
 GET /en/blog 200 in 465ms (compile: 11ms, render: 453ms)
 GET /en/blog 200 in 448ms (compile: 8ms, render: 440ms)
 GET /en/blog 200 in 455ms (compile: 5ms, render: 451ms)
 GET /en/blog 200 in 394ms (compile: 8ms, render: 386ms)
 GET /en/blog 200 in 454ms (compile: 10ms, render: 444ms)
 GET /en/blog 200 in 494ms (compile: 15ms, render: 479ms)
 GET /en/blog 200 in 506ms (compile: 12ms, render: 495ms)
 GET /en/blog 200 in 459ms (compile: 10ms, render: 448ms)
 GET /en/contact 200 in 2.5s (compile: 1702ms, render: 774ms)
 GET /en/contact 200 in 505ms (compile: 9ms, render: 497ms)
 GET /en/contact 200 in 504ms (compile: 8ms, render: 496ms)
 GET /en/contact 200 in 505ms (compile: 10ms, render: 495ms)
 GET /en/contact 200 in 535ms (compile: 10ms, render: 525ms)
 GET /en/contact 200 in 479ms (compile: 8ms, render: 471ms)
 GET /en/contact 200 in 620ms (compile: 14ms, render: 606ms)
 GET /en/contact 200 in 562ms (compile: 11ms, render: 551ms)
 GET /en/contact 200 in 987ms (compile: 9ms, render: 978ms)
 GET /en/contact 200 in 593ms (compile: 11ms, render: 583ms)
 GET /en/contact 200 in 580ms (compile: 9ms, render: 571ms)
 GET / 200 in 1122ms (compile: 36ms, render: 1086ms)
 GET /paslaugos/kirpimas 200 in 620ms (compile: 48ms, render: 572ms)
 GET /en/services/kirpimas 200 in 2.7s (compile: 1931ms, render: 723ms)
 GET /en/services/kirpimas 200 in 610ms (compile: 23ms, render: 587ms)
 GET /paslaugos/kirpimas 200 in 469ms (compile: 37ms, render: 432ms)
 GET /filialai/picasso-barbershop-antakalnio-g-44 200 in 641ms (compile: 65ms, render: 576ms)
 GET /en/branches/picasso-barbershop-antakalio-g-44 200 in 3.2s (compile: 2.4s, render: 781ms)
 GET /en/branches/picasso-barbershop-antakalio-g-44 200 in 695ms (compile: 29ms, render: 666ms)
 GET /filialai/picasso-barbershop-antakalnio-g-44 200 in 463ms (compile: 34ms, render: 429ms)
 GET /blogas/kaip-isirinkti-tinkam-ukuosen-pagal-veido-form 200 in 703ms (compile: 41ms, render: 662ms)
 GET /en/blog/how-to-choose-the-right-hairstyle-for-your-face-shape 200 in 2.1s (compile: 1495ms, render: 582ms)
 GET /en/blog/how-to-choose-the-right-hairstyle-for-your-face-shape 200 in 711ms (compile: 27ms, render: 683ms)
 GET /blogas/kaip-isirinkti-tinkam-ukuosen-pagal-veido-form 200 in 497ms (compile: 53ms, render: 443ms)
 GET /paslaugos/kirpimas 200 in 1054ms (compile: 54ms, render: 1000ms)
 GET /paslaugos/kirpimas 200 in 614ms (compile: 28ms, render: 586ms)
 GET /paslaugos/kirpimas 200 in 561ms (compile: 27ms, render: 535ms)
 GET /paslaugos/kirpimas 200 in 587ms (compile: 23ms, render: 563ms)
 GET /paslaugos/kirpimas 200 in 567ms (compile: 22ms, render: 544ms)
 GET /paslaugos/kirpimas 200 in 580ms (compile: 20ms, render: 560ms)
 GET /paslaugos/kirpimas 200 in 843ms (compile: 22ms, render: 821ms)
 GET /paslaugos/kirpimas 200 in 524ms (compile: 22ms, render: 502ms)
 GET /paslaugos/kirpimas 200 in 568ms (compile: 22ms, render: 547ms)
 GET /paslaugos/kirpimas 200 in 550ms (compile: 19ms, render: 531ms)
 GET /paslaugos/kirpimas 200 in 531ms (compile: 29ms, render: 501ms)
 GET /en/services/kirpimas 200 in 568ms (compile: 53ms, render: 515ms)
 GET /en/services/kirpimas 200 in 541ms (compile: 24ms, render: 517ms)
 GET /en/services/kirpimas 200 in 504ms (compile: 20ms, render: 484ms)
 GET /en/services/kirpimas 200 in 541ms (compile: 20ms, render: 521ms)
 GET /en/services/kirpimas 200 in 521ms (compile: 26ms, render: 496ms)
 GET /en/services/kirpimas 200 in 534ms (compile: 33ms, render: 500ms)
 GET /en/services/kirpimas 200 in 556ms (compile: 21ms, render: 536ms)
 GET /en/services/kirpimas 200 in 571ms (compile: 38ms, render: 534ms)
 GET /en/services/kirpimas 200 in 600ms (compile: 33ms, render: 567ms)
 GET /en/services/kirpimas 200 in 867ms (compile: 30ms, render: 837ms)
 GET /en/services/kirpimas 200 in 552ms (compile: 30ms, render: 522ms)
 GET /filialai/picasso-barbershop-antakalnio-g-44 200 in 637ms (compile: 31ms, render: 606ms)
 GET /filialai/picasso-barbershop-antakalnio-g-44 200 in 643ms (compile: 29ms, render: 613ms)
 GET /filialai/picasso-barbershop-antakalnio-g-44 200 in 571ms (compile: 19ms, render: 552ms)
 GET /filialai/picasso-barbershop-antakalnio-g-44 200 in 566ms (compile: 21ms, render: 545ms)
 GET /filialai/picasso-barbershop-antakalnio-g-44 200 in 634ms (compile: 28ms, render: 606ms)
 GET /filialai/picasso-barbershop-antakalnio-g-44 200 in 595ms (compile: 37ms, render: 558ms)
 GET /filialai/picasso-barbershop-antakalnio-g-44 200 in 640ms (compile: 38ms, render: 602ms)
 GET /filialai/picasso-barbershop-antakalnio-g-44 200 in 611ms (compile: 28ms, render: 584ms)
 GET /filialai/picasso-barbershop-antakalnio-g-44 200 in 615ms (compile: 20ms, render: 595ms)
 GET /filialai/picasso-barbershop-antakalnio-g-44 200 in 654ms (compile: 33ms, render: 621ms)
 GET /filialai/picasso-barbershop-antakalnio-g-44 200 in 656ms (compile: 29ms, render: 626ms)
 GET /en/branches/picasso-barbershop-antakalio-g-44 200 in 661ms (compile: 53ms, render: 607ms)
 GET /en/branches/picasso-barbershop-antakalio-g-44 200 in 634ms (compile: 24ms, render: 610ms)
 GET /en/branches/picasso-barbershop-antakalio-g-44 200 in 646ms (compile: 23ms, render: 624ms)
 GET /en/branches/picasso-barbershop-antakalio-g-44 200 in 563ms (compile: 22ms, render: 541ms)
 GET /en/branches/picasso-barbershop-antakalio-g-44 200 in 662ms (compile: 25ms, render: 638ms)
 GET /en/branches/picasso-barbershop-antakalio-g-44 200 in 626ms (compile: 25ms, render: 602ms)
 GET /en/branches/picasso-barbershop-antakalio-g-44 200 in 981ms (compile: 22ms, render: 958ms)
 GET /en/branches/picasso-barbershop-antakalio-g-44 200 in 594ms (compile: 31ms, render: 563ms)
 GET /en/branches/picasso-barbershop-antakalio-g-44 200 in 595ms (compile: 23ms, render: 572ms)
 GET /en/branches/picasso-barbershop-antakalio-g-44 200 in 580ms (compile: 27ms, render: 552ms)
 GET /en/branches/picasso-barbershop-antakalio-g-44 200 in 659ms (compile: 34ms, render: 625ms)
 GET /blogas/kaip-isirinkti-tinkam-ukuosen-pagal-veido-form 200 in 582ms (compile: 26ms, render: 556ms)
 GET /blogas/kaip-isirinkti-tinkam-ukuosen-pagal-veido-form 200 in 618ms (compile: 37ms, render: 581ms)
 GET /blogas/kaip-isirinkti-tinkam-ukuosen-pagal-veido-form 200 in 578ms (compile: 27ms, render: 551ms)
 GET /blogas/kaip-isirinkti-tinkam-ukuosen-pagal-veido-form 200 in 600ms (compile: 33ms, render: 567ms)
 GET /blogas/kaip-isirinkti-tinkam-ukuosen-pagal-veido-form 200 in 635ms (compile: 37ms, render: 597ms)
 GET /blogas/kaip-isirinkti-tinkam-ukuosen-pagal-veido-form 200 in 639ms (compile: 22ms, render: 617ms)
 GET /blogas/kaip-isirinkti-tinkam-ukuosen-pagal-veido-form 200 in 568ms (compile: 21ms, render: 547ms)
 GET /blogas/kaip-isirinkti-tinkam-ukuosen-pagal-veido-form 200 in 677ms (compile: 22ms, render: 655ms)
 GET /blogas/kaip-isirinkti-tinkam-ukuosen-pagal-veido-form 200 in 625ms (compile: 44ms, render: 581ms)
 GET /blogas/kaip-isirinkti-tinkam-ukuosen-pagal-veido-form 200 in 609ms (compile: 34ms, render: 575ms)
 GET /blogas/kaip-isirinkti-tinkam-ukuosen-pagal-veido-form 200 in 629ms (compile: 41ms, render: 587ms)
 GET /en/blog/how-to-choose-the-right-hairstyle-for-your-face-shape 200 in 583ms (compile: 35ms, render: 548ms)
 GET /en/blog/how-to-choose-the-right-hairstyle-for-your-face-shape 200 in 608ms (compile: 24ms, render: 585ms)
 GET /en/blog/how-to-choose-the-right-hairstyle-for-your-face-shape 200 in 554ms (compile: 21ms, render: 533ms)
 GET /en/blog/how-to-choose-the-right-hairstyle-for-your-face-shape 200 in 574ms (compile: 25ms, render: 549ms)
 GET /en/blog/how-to-choose-the-right-hairstyle-for-your-face-shape 200 in 570ms (compile: 26ms, render: 544ms)
 GET /en/blog/how-to-choose-the-right-hairstyle-for-your-face-shape 200 in 588ms (compile: 22ms, render: 566ms)
 GET /en/blog/how-to-choose-the-right-hairstyle-for-your-face-shape 200 in 567ms (compile: 34ms, render: 534ms)
 GET /en/blog/how-to-choose-the-right-hairstyle-for-your-face-shape 200 in 608ms (compile: 22ms, render: 587ms)
 GET /en/blog/how-to-choose-the-right-hairstyle-for-your-face-shape 200 in 503ms (compile: 21ms, render: 483ms)
 GET /en/blog/how-to-choose-the-right-hairstyle-for-your-face-shape 200 in 543ms (compile: 27ms, render: 516ms)
 GET /en/blog/how-to-choose-the-right-hairstyle-for-your-face-shape 200 in 581ms (compile: 23ms, render: 558ms)
^C